<?xml version="1.0" encoding="UTF-8"?>
<!-- Generated by org.testng.reporters.JUnitReportReporter -->
<testsuite skipped="0" hostname="ip-172-31-84-83" name="testcases.LoginTest" tests="2" failures="0" timestamp="2022-03-25T17:02:17 UTC" time="3.116" errors="0">
  <testcase name="LoginFailureTest" time="1.755" classname="testcases.LoginTest"/>
  <system-out/>
  <testcase name="LoginSuccessTest" time="1.361" classname="testcases.LoginTest"/>
  <system-out/>
</testsuite> <!-- testcases.LoginTest -->
